2018-08-06 13:47:33 startup archives unpack
2018-08-06 13:47:33 install libpcap0.8:armhf <none> 1.8.1-3
2018-08-06 13:47:33 status triggers-pending libc-bin:armhf 2.24-11+deb9u3
2018-08-06 13:47:33 status half-installed libpcap0.8:armhf 1.8.1-3
2018-08-06 13:47:33 status unpacked libpcap0.8:armhf 1.8.1-3
2018-08-06 13:47:33 status unpacked libpcap0.8:armhf 1.8.1-3
2018-08-06 13:47:33 install ppp:armhf <none> 2.4.7-1+4
2018-08-06 13:47:33 status half-installed ppp:armhf 2.4.7-1+4
2018-08-06 13:47:33 status triggers-pending systemd:armhf 232-25+deb9u4
2018-08-06 13:47:34 status unpacked ppp:armhf 2.4.7-1+4
2018-08-06 13:47:34 status unpacked ppp:armhf 2.4.7-1+4
2018-08-06 13:47:34 startup packages configure
2018-08-06 13:47:34 trigproc libc-bin:armhf 2.24-11+deb9u3 <none>
2018-08-06 13:47:34 status half-configured libc-bin:armhf 2.24-11+deb9u3
2018-08-06 13:47:34 status installed libc-bin:armhf 2.24-11+deb9u3
2018-08-06 13:47:34 trigproc systemd:armhf 232-25+deb9u4 <none>
2018-08-06 13:47:34 status half-configured systemd:armhf 232-25+deb9u4
2018-08-06 13:47:34 status installed systemd:armhf 232-25+deb9u4
2018-08-06 13:47:34 configure libpcap0.8:armhf 1.8.1-3 <none>
2018-08-06 13:47:34 status triggers-pending libc-bin:armhf 2.24-11+deb9u3
2018-08-06 13:47:34 status unpacked libpcap0.8:armhf 1.8.1-3
2018-08-06 13:47:34 status half-configured libpcap0.8:armhf 1.8.1-3
2018-08-06 13:47:34 status installed libpcap0.8:armhf 1.8.1-3
2018-08-06 13:47:34 configure ppp:armhf 2.4.7-1+4 <none>
2018-08-06 13:47:34 status unpacked ppp:armhf 2.4.7-1+4
2018-08-06 13:47:34 status unpacked ppp:armhf 2.4.7-1+4
2018-08-06 13:47:34 status unpacked ppp:armhf 2.4.7-1+4
2018-08-06 13:47:34 status triggers-pending systemd:armhf 232-25+deb9u4
2018-08-06 13:47:34 status unpacked ppp:armhf 2.4.7-1+4
2018-08-06 13:47:34 status unpacked ppp:armhf 2.4.7-1+4
2018-08-06 13:47:34 status unpacked ppp:armhf 2.4.7-1+4
2018-08-06 13:47:34 status unpacked ppp:armhf 2.4.7-1+4
2018-08-06 13:47:34 status unpacked ppp:armhf 2.4.7-1+4
2018-08-06 13:47:34 status unpacked ppp:armhf 2.4.7-1+4
2018-08-06 13:47:34 status unpacked ppp:armhf 2.4.7-1+4
2018-08-06 13:47:34 status unpacked ppp:armhf 2.4.7-1+4
2018-08-06 13:47:34 status unpacked ppp:armhf 2.4.7-1+4
2018-08-06 13:47:34 status unpacked ppp:armhf 2.4.7-1+4
2018-08-06 13:47:34 status half-configured ppp:armhf 2.4.7-1+4
2018-08-06 13:47:36 status installed ppp:armhf 2.4.7-1+4
2018-08-06 13:47:36 trigproc libc-bin:armhf 2.24-11+deb9u3 <none>
2018-08-06 13:47:36 status half-configured libc-bin:armhf 2.24-11+deb9u3
2018-08-06 13:47:36 status installed libc-bin:armhf 2.24-11+deb9u3
2018-08-06 13:47:36 trigproc systemd:armhf 232-25+deb9u4 <none>
2018-08-06 13:47:36 status half-configured systemd:armhf 232-25+deb9u4
2018-08-06 13:47:36 status installed systemd:armhf 232-25+deb9u4
2019-06-18 18:37:36 startup archives unpack
2019-06-18 18:37:36 install libisccc-export140:armhf <none> 1:9.10.3.dfsg.P4-12.3+deb9u4
2019-06-18 18:37:36 status triggers-pending libc-bin:armhf 2.24-11+deb9u3
2019-06-18 18:37:36 status half-installed libisccc-export140:armhf 1:9.10.3.dfsg.P4-12.3+deb9u4
2019-06-18 18:37:36 status unpacked libisccc-export140:armhf 1:9.10.3.dfsg.P4-12.3+deb9u4
2019-06-18 18:37:36 status unpacked libisccc-export140:armhf 1:9.10.3.dfsg.P4-12.3+deb9u4
2019-06-18 18:37:36 install libisccfg-export140:armhf <none> 1:9.10.3.dfsg.P4-12.3+deb9u4
2019-06-18 18:37:36 status half-installed libisccfg-export140:armhf 1:9.10.3.dfsg.P4-12.3+deb9u4
2019-06-18 18:37:36 status unpacked libisccfg-export140:armhf 1:9.10.3.dfsg.P4-12.3+deb9u4
2019-06-18 18:37:36 status unpacked libisccfg-export140:armhf 1:9.10.3.dfsg.P4-12.3+deb9u4
2019-06-18 18:37:36 install libirs-export141:armhf <none> 1:9.10.3.dfsg.P4-12.3+deb9u4
2019-06-18 18:37:36 status half-installed libirs-export141:armhf 1:9.10.3.dfsg.P4-12.3+deb9u4
2019-06-18 18:37:36 status unpacked libirs-export141:armhf 1:9.10.3.dfsg.P4-12.3+deb9u4
2019-06-18 18:37:36 status unpacked libirs-export141:armhf 1:9.10.3.dfsg.P4-12.3+deb9u4
2019-06-18 18:37:36 install isc-dhcp-server:armhf <none> 4.3.5-3+deb9u1
2019-06-18 18:37:36 status half-installed isc-dhcp-server:armhf 4.3.5-3+deb9u1
2019-06-18 18:37:36 status triggers-pending systemd:armhf 232-25+deb9u4
2019-06-18 18:37:37 status unpacked isc-dhcp-server:armhf 4.3.5-3+deb9u1
2019-06-18 18:37:37 status unpacked isc-dhcp-server:armhf 4.3.5-3+deb9u1
2019-06-18 18:37:37 install selinux-utils:armhf <none> 2.6-3+b3
2019-06-18 18:37:37 status half-installed selinux-utils:armhf 2.6-3+b3
2019-06-18 18:37:37 status unpacked selinux-utils:armhf 2.6-3+b3
2019-06-18 18:37:37 status unpacked selinux-utils:armhf 2.6-3+b3
2019-06-18 18:37:37 install policycoreutils:armhf <none> 2.6-3
2019-06-18 18:37:37 status half-installed policycoreutils:armhf 2.6-3
2019-06-18 18:37:38 status unpacked policycoreutils:armhf 2.6-3
2019-06-18 18:37:38 status unpacked policycoreutils:armhf 2.6-3
2019-06-18 18:37:38 startup packages configure
2019-06-18 18:37:38 configure libisccc-export140:armhf 1:9.10.3.dfsg.P4-12.3+deb9u4 <none>
2019-06-18 18:37:38 status unpacked libisccc-export140:armhf 1:9.10.3.dfsg.P4-12.3+deb9u4
2019-06-18 18:37:38 status half-configured libisccc-export140:armhf 1:9.10.3.dfsg.P4-12.3+deb9u4
2019-06-18 18:37:38 status installed libisccc-export140:armhf 1:9.10.3.dfsg.P4-12.3+deb9u4
2019-06-18 18:37:38 configure selinux-utils:armhf 2.6-3+b3 <none>
2019-06-18 18:37:38 status unpacked selinux-utils:armhf 2.6-3+b3
2019-06-18 18:37:38 status half-configured selinux-utils:armhf 2.6-3+b3
2019-06-18 18:37:38 status installed selinux-utils:armhf 2.6-3+b3
2019-06-18 18:37:38 trigproc libc-bin:armhf 2.24-11+deb9u3 <none>
2019-06-18 18:37:38 status half-configured libc-bin:armhf 2.24-11+deb9u3
2019-06-18 18:37:38 status installed libc-bin:armhf 2.24-11+deb9u3
2019-06-18 18:37:38 trigproc systemd:armhf 232-25+deb9u4 <none>
2019-06-18 18:37:38 status half-configured systemd:armhf 232-25+deb9u4
2019-06-18 18:37:38 status installed systemd:armhf 232-25+deb9u4
2019-06-18 18:37:38 configure libisccfg-export140:armhf 1:9.10.3.dfsg.P4-12.3+deb9u4 <none>
2019-06-18 18:37:38 status triggers-pending libc-bin:armhf 2.24-11+deb9u3
2019-06-18 18:37:38 status unpacked libisccfg-export140:armhf 1:9.10.3.dfsg.P4-12.3+deb9u4
2019-06-18 18:37:38 status half-configured libisccfg-export140:armhf 1:9.10.3.dfsg.P4-12.3+deb9u4
2019-06-18 18:37:38 status installed libisccfg-export140:armhf 1:9.10.3.dfsg.P4-12.3+deb9u4
2019-06-18 18:37:38 configure policycoreutils:armhf 2.6-3 <none>
2019-06-18 18:37:38 status unpacked policycoreutils:armhf 2.6-3
2019-06-18 18:37:38 status triggers-pending systemd:armhf 232-25+deb9u4
2019-06-18 18:37:38 status unpacked policycoreutils:armhf 2.6-3
2019-06-18 18:37:38 status unpacked policycoreutils:armhf 2.6-3
2019-06-18 18:37:38 status half-configured policycoreutils:armhf 2.6-3
2019-06-18 18:37:38 status installed policycoreutils:armhf 2.6-3
2019-06-18 18:37:38 configure libirs-export141:armhf 1:9.10.3.dfsg.P4-12.3+deb9u4 <none>
2019-06-18 18:37:38 status unpacked libirs-export141:armhf 1:9.10.3.dfsg.P4-12.3+deb9u4
2019-06-18 18:37:38 status half-configured libirs-export141:armhf 1:9.10.3.dfsg.P4-12.3+deb9u4
2019-06-18 18:37:38 status installed libirs-export141:armhf 1:9.10.3.dfsg.P4-12.3+deb9u4
2019-06-18 18:37:38 configure isc-dhcp-server:armhf 4.3.5-3+deb9u1 <none>
2019-06-18 18:37:38 status unpacked isc-dhcp-server:armhf 4.3.5-3+deb9u1
2019-06-18 18:37:38 status unpacked isc-dhcp-server:armhf 4.3.5-3+deb9u1
2019-06-18 18:37:38 status unpacked isc-dhcp-server:armhf 4.3.5-3+deb9u1
2019-06-18 18:37:38 status unpacked isc-dhcp-server:armhf 4.3.5-3+deb9u1
2019-06-18 18:37:38 status unpacked isc-dhcp-server:armhf 4.3.5-3+deb9u1
2019-06-18 18:37:39 status half-configured isc-dhcp-server:armhf 4.3.5-3+deb9u1
2019-06-18 18:37:40 status installed isc-dhcp-server:armhf 4.3.5-3+deb9u1
2019-06-18 18:37:40 trigproc libc-bin:armhf 2.24-11+deb9u3 <none>
2019-06-18 18:37:40 status half-configured libc-bin:armhf 2.24-11+deb9u3
2019-06-18 18:37:40 status installed libc-bin:armhf 2.24-11+deb9u3
2019-06-18 18:37:40 trigproc systemd:armhf 232-25+deb9u4 <none>
2019-06-18 18:37:40 status half-configured systemd:armhf 232-25+deb9u4
2019-06-18 18:37:40 status installed systemd:armhf 232-25+deb9u4
